This file contains any messages produced by compilers while
running configure, to aid debugging if configure makes a mistake.

It was created by jp2a configure 1.0.6, which was
generated by GNU Autoconf 2.60.  Invocation command line was

  $ ./configure --prefix=/c/jp2a-1.0.6

## --------- ##
## Platform. ##
## --------- ##

hostname = M
uname -m = x86_64
uname -r = 3.5.3-d8b21b8c.x86_64
uname -s = MINGW64_NT-10.0-22631
uname -v = 2024-07-09 18:03 UTC

/usr/bin/uname -p = unknown
/bin/uname -X     = unknown

/bin/arch              = x86_64
/usr/bin/arch -k       = unknown
/usr/convex/getsysinfo = unknown
/usr/bin/hostinfo      = unknown
/bin/machine           = unknown
/usr/bin/oslevel       = unknown
/bin/universe          = unknown

PATH: /mingw64/bin
PATH: /usr/local/bin
PATH: /usr/bin
PATH: /bin
PATH: /c/Windows/System32
PATH: /c/Windows
PATH: /c/Windows/System32/Wbem
PATH: /c/Windows/System32/WindowsPowerShell/v1.0/
PATH: /usr/bin/site_perl
PATH: /usr/bin/vendor_perl
PATH: /usr/bin/core_perl
PATH: /c/jp2a-1.0.6/bin


## ----------- ##
## Core tests. ##
## ----------- ##

configure:1623: loading site script /etc/config.site
| # This file is in public domain.
| # Original author: Karlson2k (Evgeny Grin)
| # Written for MSys2 to help running 'configure' scripts
| 
| # Defaults for MSys2/MinGW64-targeted programs
| 
| # Set proper selfname on bash and fallback to default name on other shells
| test -n "${BASH_SOURCE}" 2>/dev/null && config_site_me="${BASH_SOURCE[0]##*/}" || config_site_me=config.site
| 
| # Set default 'host' to speedup configure
| if test -z "$build_alias"; then
|   build_alias="${MSYSTEM_CHOST}"  && \
|     ${as_echo-echo} "$config_site_me:${as_lineno-$LINENO}: default build_alias set to $build_alias" >&5
| fi
| 
| # Set default 'prefix'
| if ( test -z "$prefix" || test "x$prefix" = "xNONE" ) && \
|     ( test -z "$exec_prefix" || test "x$exec_prefix" = "xNONE" ); then
|   prefix="${MSYSTEM_PREFIX}" && \
|     ${as_echo-echo} "$config_site_me:${as_lineno-$LINENO}: default prefix set to $prefix" >&5
| fi
config.site:13: default build_alias set to x86_64-w64-mingw32
configure:1772: checking for a BSD-compatible install
configure:1828: result: /usr/bin/install -c
configure:1839: checking whether build environment is sane
configure:1882: result: yes
configure:1947: checking for gawk
configure:1963: found /usr/bin/gawk
configure:1974: result: gawk
configure:1985: checking whether make sets $(MAKE)
configure:2006: result: yes
configure:2246: checking for gcc
configure:2262: found /mingw64/bin/gcc
configure:2273: result: gcc
configure:2511: checking for C compiler version
configure:2518: gcc --version >&5
gcc.exe (Rev1, Built by MSYS2 project) 14.2.0
Copyright (C) 2024 Free Software Foundation, Inc.
This is free software; see the source for copying conditions.  There is NO
warranty; not even for MERCHANTABILITY or FITNESS FOR A PARTICULAR PURPOSE.

configure:2521: $? = 0
configure:2528: gcc -v >&5
Using built-in specs.
COLLECT_GCC=C:\msys64\mingw64\bin\gcc.exe
COLLECT_LTO_WRAPPER=C:/msys64/mingw64/bin/../lib/gcc/x86_64-w64-mingw32/14.2.0/lto-wrapper.exe
Target: x86_64-w64-mingw32
Configured with: ../gcc-14.2.0/configure --prefix=/mingw64 --with-local-prefix=/mingw64/local --build=x86_64-w64-mingw32 --host=x86_64-w64-mingw32 --target=x86_64-w64-mingw32 --with-native-system-header-dir=/mingw64/include --libexecdir=/mingw64/lib --enable-bootstrap --enable-checking=release --with-arch=nocona --with-tune=generic --enable-languages=c,lto,c++,fortran,ada,objc,obj-c++,rust,jit --enable-shared --enable-static --enable-libatomic --enable-threads=posix --enable-graphite --enable-fully-dynamic-string --enable-libstdcxx-filesystem-ts --enable-libstdcxx-time --disable-libstdcxx-pch --enable-lto --enable-libgomp --disable-libssp --disable-multilib --disable-rpath --disable-win32-registry --disable-nls --disable-werror --disable-symvers --with-libiconv --with-system-zlib --with-gmp=/mingw64 --with-mpfr=/mingw64 --with-mpc=/mingw64 --with-isl=/mingw64 --with-pkgversion='Rev1, Built by MSYS2 project' --with-bugurl=https://github.com/msys2/MINGW-packages/issues --with-gnu-as --with-gnu-ld --disable-libstdcxx-debug --enable-plugin --with-boot-ldflags=-static-libstdc++ --with-stage1-ldflags=-static-libstdc++
Thread model: posix
Supported LTO compression algorithms: zlib zstd
gcc version 14.2.0 (Rev1, Built by MSYS2 project) 
configure:2531: $? = 0
configure:2538: gcc -V >&5
gcc.exe: error: unrecognized command-line option '-V'
gcc.exe: fatal error: no input files
compilation terminated.
configure:2541: $? = 1
configure:2564: checking for C compiler default output file name
configure:2591: gcc    conftest.c  >&5
configure:2594: $? = 0
configure:2640: result: a.exe
configure:2645: checking whether the C compiler works
configure:2655: ./a.exe
configure:2658: $? = 0
configure:2675: result: yes
configure:2682: checking whether we are cross compiling
configure:2684: result: no
configure:2687: checking for suffix of executables
configure:2694: gcc -o conftest.exe    conftest.c  >&5
configure:2697: $? = 0
configure:2721: result: .exe
configure:2727: checking for suffix of object files
configure:2753: gcc -c   conftest.c >&5
configure:2756: $? = 0
configure:2779: result: o
configure:2783: checking whether we are using the GNU C compiler
configure:2812: gcc -c   conftest.c >&5
configure:2818: $? = 0
configure:2825: test -z "$ac_c_werror_flag" || test ! -s conftest.err
configure:2828: $? = 0
configure:2835: test -s conftest.o
configure:2838: $? = 0
configure:2852: result: yes
configure:2857: checking whether gcc accepts -g
configure:2887: gcc -c -g  conftest.c >&5
configure:2893: $? = 0
configure:2900: test -z "$ac_c_werror_flag" || test ! -s conftest.err
configure:2903: $? = 0
configure:2910: test -s conftest.o
configure:2913: $? = 0
configure:3043: result: yes
configure:3060: checking for gcc option to accept ISO C89
configure:3134: gcc  -c -g -O2  conftest.c >&5
configure:3140: $? = 0
configure:3147: test -z "$ac_c_werror_flag" || test ! -s conftest.err
configure:3150: $? = 0
configure:3157: test -s conftest.o
configure:3160: $? = 0
configure:3180: result: none needed
configure:3209: checking for style of include used by make
configure:3237: result: GNU
configure:3265: checking dependency style of gcc
configure:3355: result: gcc3
configure:3405: checking for jpeg_start_decompress in -ljpeg
configure:3440: gcc -o conftest.exe -g -O2   conftest.c -ljpeg   >&5
configure:3446: $? = 0
configure:3453: test -z "$ac_c_werror_flag" || test ! -s conftest.err
configure:3456: $? = 0
configure:3463: test -s conftest.exe
configure:3466: $? = 0
configure:3480: result: yes
configure:3515: checking enable-curl
configure:3517: result: yes
configure:3525: checking for curl-config
configure:3558: result: no
configure:3588: checking for curl_easy_init in -lcurl
configure:3623: gcc -o conftest.exe -g -O2   conftest.c -lcurl   -ljpeg >&5
C:/msys64/mingw64/bin/../lib/gcc/x86_64-w64-mingw32/14.2.0/../../../../x86_64-w64-mingw32/bin/ld.exe: cannot find -lcurl: No such file or directory
collect2.exe: error: ld returned 1 exit status
configure:3629: $? = 1
configure: failed program was:
| /* confdefs.h.  */
| #define PACKAGE_NAME "jp2a"
| #define PACKAGE_TARNAME "jp2a"
| #define PACKAGE_VERSION "1.0.6"
| #define PACKAGE_STRING "jp2a 1.0.6"
| #define PACKAGE_BUGREPORT "csl@sublevel3.org"
| #define PACKAGE "jp2a"
| #define VERSION "1.0.6"
| /* end confdefs.h.  */
| 
| /* Override any GCC internal prototype to avoid an error.
|    Use char because int might match the return type of a GCC
|    builtin and then its argument prototype would still apply.  */
| #ifdef __cplusplus
| extern "C"
| #endif
| char curl_easy_init ();
| int
| main ()
| {
| return curl_easy_init ();
|   ;
|   return 0;
| }
configure:3663: result: no
configure:3673: WARNING: I need a working libcurl (use --with-curl-config=PATH); download-support will be disabled
configure:3687: checking how to run the C preprocessor
configure:3727: gcc -E  conftest.c
configure:3733: $? = 0
configure:3771: gcc -E  conftest.c
conftest.c:10:10: fatal error: ac_nonexistent.h: No such file or directory
   10 | #include <ac_nonexistent.h>
      |          ^~~~~~~~~~~~~~~~~~
compilation terminated.
configure:3777: $? = 1
configure: failed program was:
| /* confdefs.h.  */
| #define PACKAGE_NAME "jp2a"
| #define PACKAGE_TARNAME "jp2a"
| #define PACKAGE_VERSION "1.0.6"
| #define PACKAGE_STRING "jp2a 1.0.6"
| #define PACKAGE_BUGREPORT "csl@sublevel3.org"
| #define PACKAGE "jp2a"
| #define VERSION "1.0.6"
| /* end confdefs.h.  */
| #include <ac_nonexistent.h>
configure:3817: result: gcc -E
configure:3846: gcc -E  conftest.c
configure:3852: $? = 0
configure:3890: gcc -E  conftest.c
conftest.c:10:10: fatal error: ac_nonexistent.h: No such file or directory
   10 | #include <ac_nonexistent.h>
      |          ^~~~~~~~~~~~~~~~~~
compilation terminated.
configure:3896: $? = 1
configure: failed program was:
| /* confdefs.h.  */
| #define PACKAGE_NAME "jp2a"
| #define PACKAGE_TARNAME "jp2a"
| #define PACKAGE_VERSION "1.0.6"
| #define PACKAGE_STRING "jp2a 1.0.6"
| #define PACKAGE_BUGREPORT "csl@sublevel3.org"
| #define PACKAGE "jp2a"
| #define VERSION "1.0.6"
| /* end confdefs.h.  */
| #include <ac_nonexistent.h>
configure:3941: checking for grep that handles long lines and -e
configure:4015: result: /usr/bin/grep
configure:4020: checking for egrep
configure:4098: result: /usr/bin/grep -E
configure:4103: checking for ANSI C header files
configure:4133: gcc -c -g -O2  conftest.c >&5
configure:4139: $? = 0
configure:4146: test -z "$ac_c_werror_flag" || test ! -s conftest.err
configure:4149: $? = 0
configure:4156: test -s conftest.o
configure:4159: $? = 0
configure:4255: gcc -o conftest.exe -g -O2   conftest.c  -ljpeg >&5
configure:4258: $? = 0
configure:4264: ./conftest.exe
configure:4267: $? = 0
configure:4284: result: yes
configure:4309: checking for sys/types.h
configure:4330: gcc -c -g -O2  conftest.c >&5
configure:4336: $? = 0
configure:4343: test -z "$ac_c_werror_flag" || test ! -s conftest.err
configure:4346: $? = 0
configure:4353: test -s conftest.o
configure:4356: $? = 0
configure:4369: result: yes
configure:4309: checking for sys/stat.h
configure:4330: gcc -c -g -O2  conftest.c >&5
configure:4336: $? = 0
configure:4343: test -z "$ac_c_werror_flag" || test ! -s conftest.err
configure:4346: $? = 0
configure:4353: test -s conftest.o
configure:4356: $? = 0
configure:4369: result: yes
configure:4309: checking for stdlib.h
configure:4330: gcc -c -g -O2  conftest.c >&5
configure:4336: $? = 0
configure:4343: test -z "$ac_c_werror_flag" || test ! -s conftest.err
configure:4346: $? = 0
configure:4353: test -s conftest.o
configure:4356: $? = 0
configure:4369: result: yes
configure:4309: checking for string.h
configure:4330: gcc -c -g -O2  conftest.c >&5
configure:4336: $? = 0
configure:4343: test -z "$ac_c_werror_flag" || test ! -s conftest.err
configure:4346: $? = 0
configure:4353: test -s conftest.o
configure:4356: $? = 0
configure:4369: result: yes
configure:4309: checking for memory.h
configure:4330: gcc -c -g -O2  conftest.c >&5
configure:4336: $? = 0
configure:4343: test -z "$ac_c_werror_flag" || test ! -s conftest.err
configure:4346: $? = 0
configure:4353: test -s conftest.o
configure:4356: $? = 0
configure:4369: result: yes
configure:4309: checking for strings.h
configure:4330: gcc -c -g -O2  conftest.c >&5
configure:4336: $? = 0
configure:4343: test -z "$ac_c_werror_flag" || test ! -s conftest.err
configure:4346: $? = 0
configure:4353: test -s conftest.o
configure:4356: $? = 0
configure:4369: result: yes
configure:4309: checking for inttypes.h
configure:4330: gcc -c -g -O2  conftest.c >&5
configure:4336: $? = 0
configure:4343: test -z "$ac_c_werror_flag" || test ! -s conftest.err
configure:4346: $? = 0
configure:4353: test -s conftest.o
configure:4356: $? = 0
configure:4369: result: yes
configure:4309: checking for stdint.h
configure:4330: gcc -c -g -O2  conftest.c >&5
configure:4336: $? = 0
configure:4343: test -z "$ac_c_werror_flag" || test ! -s conftest.err
configure:4346: $? = 0
configure:4353: test -s conftest.o
configure:4356: $? = 0
configure:4369: result: yes
configure:4309: checking for unistd.h
configure:4330: gcc -c -g -O2  conftest.c >&5
configure:4336: $? = 0
configure:4343: test -z "$ac_c_werror_flag" || test ! -s conftest.err
configure:4346: $? = 0
configure:4353: test -s conftest.o
configure:4356: $? = 0
configure:4369: result: yes
configure:4391: checking jpeglib.h usability
configure:4408: gcc -c -g -O2  conftest.c >&5
configure:4414: $? = 0
configure:4421: test -z "$ac_c_werror_flag" || test ! -s conftest.err
configure:4424: $? = 0
configure:4431: test -s conftest.o
configure:4434: $? = 0
configure:4445: result: yes
configure:4449: checking jpeglib.h presence
configure:4464: gcc -E  conftest.c
configure:4470: $? = 0
configure:4491: result: yes
configure:4524: checking for jpeglib.h
configure:4531: result: yes
configure:4736: checking fcntl.h usability
configure:4753: gcc -c -g -O2  conftest.c >&5
configure:4759: $? = 0
configure:4766: test -z "$ac_c_werror_flag" || test ! -s conftest.err
configure:4769: $? = 0
configure:4776: test -s conftest.o
configure:4779: $? = 0
configure:4790: result: yes
configure:4794: checking fcntl.h presence
configure:4809: gcc -E  conftest.c
configure:4815: $? = 0
configure:4836: result: yes
configure:4869: checking for fcntl.h
configure:4877: result: yes
configure:4736: checking curses.h usability
configure:4753: gcc -c -g -O2  conftest.c >&5
conftest.c:55:10: fatal error: curses.h: No such file or directory
   55 | #include <curses.h>
      |          ^~~~~~~~~~
compilation terminated.
configure:4759: $? = 1
configure: failed program was:
| /* confdefs.h.  */
| #define PACKAGE_NAME "jp2a"
| #define PACKAGE_TARNAME "jp2a"
| #define PACKAGE_VERSION "1.0.6"
| #define PACKAGE_STRING "jp2a 1.0.6"
| #define PACKAGE_BUGREPORT "csl@sublevel3.org"
| #define PACKAGE "jp2a"
| #define VERSION "1.0.6"
| #define STDC_HEADERS 1
| #define HAVE_SYS_TYPES_H 1
| #define HAVE_SYS_STAT_H 1
| #define HAVE_STDLIB_H 1
| #define HAVE_STRING_H 1
| #define HAVE_MEMORY_H 1
| #define HAVE_STRINGS_H 1
| #define HAVE_INTTYPES_H 1
| #define HAVE_STDINT_H 1
| #define HAVE_UNISTD_H 1
| #define HAVE_JPEGLIB_H 1
| #define HAVE_FCNTL_H 1
| /* end confdefs.h.  */
| #include <stdio.h>
| #if HAVE_SYS_TYPES_H
| # include <sys/types.h>
| #endif
| #if HAVE_SYS_STAT_H
| # include <sys/stat.h>
| #endif
| #if STDC_HEADERS
| # include <stdlib.h>
| # include <stddef.h>
| #else
| # if HAVE_STDLIB_H
| #  include <stdlib.h>
| # endif
| #endif
| #if HAVE_STRING_H
| # if !STDC_HEADERS && HAVE_MEMORY_H
| #  include <memory.h>
| # endif
| # include <string.h>
| #endif
| #if HAVE_STRINGS_H
| # include <strings.h>
| #endif
| #if HAVE_INTTYPES_H
| # include <inttypes.h>
| #endif
| #if HAVE_STDINT_H
| # include <stdint.h>
| #endif
| #if HAVE_UNISTD_H
| # include <unistd.h>
| #endif
| #include <curses.h>
configure:4790: result: no
configure:4794: checking curses.h presence
configure:4809: gcc -E  conftest.c
conftest.c:22:10: fatal error: curses.h: No such file or directory
   22 | #include <curses.h>
      |          ^~~~~~~~~~
compilation terminated.
configure:4815: $? = 1
configure: failed program was:
| /* confdefs.h.  */
| #define PACKAGE_NAME "jp2a"
| #define PACKAGE_TARNAME "jp2a"
| #define PACKAGE_VERSION "1.0.6"
| #define PACKAGE_STRING "jp2a 1.0.6"
| #define PACKAGE_BUGREPORT "csl@sublevel3.org"
| #define PACKAGE "jp2a"
| #define VERSION "1.0.6"
| #define STDC_HEADERS 1
| #define HAVE_SYS_TYPES_H 1
| #define HAVE_SYS_STAT_H 1
| #define HAVE_STDLIB_H 1
| #define HAVE_STRING_H 1
| #define HAVE_MEMORY_H 1
| #define HAVE_STRINGS_H 1
| #define HAVE_INTTYPES_H 1
| #define HAVE_STDINT_H 1
| #define HAVE_UNISTD_H 1
| #define HAVE_JPEGLIB_H 1
| #define HAVE_FCNTL_H 1
| /* end confdefs.h.  */
| #include <curses.h>
configure:4836: result: no
configure:4869: checking for curses.h
configure:4877: result: no
configure:4736: checking term.h usability
configure:4753: gcc -c -g -O2  conftest.c >&5
conftest.c:55:10: fatal error: term.h: No such file or directory
   55 | #include <term.h>
      |          ^~~~~~~~
compilation terminated.
configure:4759: $? = 1
configure: failed program was:
| /* confdefs.h.  */
| #define PACKAGE_NAME "jp2a"
| #define PACKAGE_TARNAME "jp2a"
| #define PACKAGE_VERSION "1.0.6"
| #define PACKAGE_STRING "jp2a 1.0.6"
| #define PACKAGE_BUGREPORT "csl@sublevel3.org"
| #define PACKAGE "jp2a"
| #define VERSION "1.0.6"
| #define STDC_HEADERS 1
| #define HAVE_SYS_TYPES_H 1
| #define HAVE_SYS_STAT_H 1
| #define HAVE_STDLIB_H 1
| #define HAVE_STRING_H 1
| #define HAVE_MEMORY_H 1
| #define HAVE_STRINGS_H 1
| #define HAVE_INTTYPES_H 1
| #define HAVE_STDINT_H 1
| #define HAVE_UNISTD_H 1
| #define HAVE_JPEGLIB_H 1
| #define HAVE_FCNTL_H 1
| /* end confdefs.h.  */
| #include <stdio.h>
| #if HAVE_SYS_TYPES_H
| # include <sys/types.h>
| #endif
| #if HAVE_SYS_STAT_H
| # include <sys/stat.h>
| #endif
| #if STDC_HEADERS
| # include <stdlib.h>
| # include <stddef.h>
| #else
| # if HAVE_STDLIB_H
| #  include <stdlib.h>
| # endif
| #endif
| #if HAVE_STRING_H
| # if !STDC_HEADERS && HAVE_MEMORY_H
| #  include <memory.h>
| # endif
| # include <string.h>
| #endif
| #if HAVE_STRINGS_H
| # include <strings.h>
| #endif
| #if HAVE_INTTYPES_H
| # include <inttypes.h>
| #endif
| #if HAVE_STDINT_H
| # include <stdint.h>
| #endif
| #if HAVE_UNISTD_H
| # include <unistd.h>
| #endif
| #include <term.h>
configure:4790: result: no
configure:4794: checking term.h presence
configure:4809: gcc -E  conftest.c
conftest.c:22:10: fatal error: term.h: No such file or directory
   22 | #include <term.h>
      |          ^~~~~~~~
compilation terminated.
configure:4815: $? = 1
configure: failed program was:
| /* confdefs.h.  */
| #define PACKAGE_NAME "jp2a"
| #define PACKAGE_TARNAME "jp2a"
| #define PACKAGE_VERSION "1.0.6"
| #define PACKAGE_STRING "jp2a 1.0.6"
| #define PACKAGE_BUGREPORT "csl@sublevel3.org"
| #define PACKAGE "jp2a"
| #define VERSION "1.0.6"
| #define STDC_HEADERS 1
| #define HAVE_SYS_TYPES_H 1
| #define HAVE_SYS_STAT_H 1
| #define HAVE_STDLIB_H 1
| #define HAVE_STRING_H 1
| #define HAVE_MEMORY_H 1
| #define HAVE_STRINGS_H 1
| #define HAVE_INTTYPES_H 1
| #define HAVE_STDINT_H 1
| #define HAVE_UNISTD_H 1
| #define HAVE_JPEGLIB_H 1
| #define HAVE_FCNTL_H 1
| /* end confdefs.h.  */
| #include <term.h>
configure:4836: result: no
configure:4869: checking for term.h
configure:4877: result: no
configure:4736: checking ncurses/term.h usability
configure:4753: gcc -c -g -O2  conftest.c >&5
configure:4759: $? = 0
configure:4766: test -z "$ac_c_werror_flag" || test ! -s conftest.err
configure:4769: $? = 0
configure:4776: test -s conftest.o
configure:4779: $? = 0
configure:4790: result: yes
configure:4794: checking ncurses/term.h presence
configure:4809: gcc -E  conftest.c
configure:4815: $? = 0
configure:4836: result: yes
configure:4869: checking for ncurses/term.h
configure:4877: result: yes
configure:4900: checking for tgetent in -lncurses
configure:4935: gcc -o conftest.exe -g -O2   conftest.c -lncurses   -ljpeg >&5
configure:4941: $? = 0
configure:4948: test -z "$ac_c_werror_flag" || test ! -s conftest.err
configure:4951: $? = 0
configure:4958: test -s conftest.exe
configure:4961: $? = 0
configure:4976: result: yes
configure:5001: checking for an ANSI C-conforming const
configure:5076: gcc -c -g -O2  conftest.c >&5
configure:5082: $? = 0
configure:5089: test -z "$ac_c_werror_flag" || test ! -s conftest.err
configure:5092: $? = 0
configure:5099: test -s conftest.o
configure:5102: $? = 0
configure:5114: result: yes
configure:5124: checking for size_t
configure:5154: gcc -c -g -O2  conftest.c >&5
configure:5160: $? = 0
configure:5167: test -z "$ac_c_werror_flag" || test ! -s conftest.err
configure:5170: $? = 0
configure:5177: test -s conftest.o
configure:5180: $? = 0
configure:5192: result: yes
configure:5210: checking for memset
configure:5266: gcc -o conftest.exe -g -O2   conftest.c  -ljpeg  -lncurses >&5
conftest.c:47:6: warning: conflicting types for built-in function 'memset'; expected 'void *(void *, int,  long long unsigned int)' [-Wbuiltin-declaration-mismatch]
   47 | char memset ();
      |      ^~~~~~
conftest.c:35:1: note: 'memset' is declared in header '<string.h>'
   34 | # include <limits.h>
   35 | #else
configure:5272: $? = 0
configure:5279: test -z "$ac_c_werror_flag" || test ! -s conftest.err
configure:5282: $? = 0
configure:5289: test -s conftest.exe
configure:5292: $? = 0
configure:5306: result: yes
configure:5320: checking for atexit
configure:5376: gcc -o conftest.exe -g -O2   conftest.c  -ljpeg  -lncurses >&5
configure:5382: $? = 0
configure:5389: test -z "$ac_c_werror_flag" || test ! -s conftest.err
configure:5392: $? = 0
configure:5399: test -s conftest.exe
configure:5402: $? = 0
configure:5416: result: yes
configure:5426: checking for pid_t
configure:5456: gcc -c -g -O2  conftest.c >&5
configure:5462: $? = 0
configure:5469: test -z "$ac_c_werror_flag" || test ! -s conftest.err
configure:5472: $? = 0
configure:5479: test -s conftest.o
configure:5482: $? = 0
configure:5494: result: yes
configure:5521: checking vfork.h usability
configure:5538: gcc -c -g -O2  conftest.c >&5
conftest.c:59:10: fatal error: vfork.h: No such file or directory
   59 | #include <vfork.h>
      |          ^~~~~~~~~
compilation terminated.
configure:5544: $? = 1
configure: failed program was:
| /* confdefs.h.  */
| #define PACKAGE_NAME "jp2a"
| #define PACKAGE_TARNAME "jp2a"
| #define PACKAGE_VERSION "1.0.6"
| #define PACKAGE_STRING "jp2a 1.0.6"
| #define PACKAGE_BUGREPORT "csl@sublevel3.org"
| #define PACKAGE "jp2a"
| #define VERSION "1.0.6"
| #define STDC_HEADERS 1
| #define HAVE_SYS_TYPES_H 1
| #define HAVE_SYS_STAT_H 1
| #define HAVE_STDLIB_H 1
| #define HAVE_STRING_H 1
| #define HAVE_MEMORY_H 1
| #define HAVE_STRINGS_H 1
| #define HAVE_INTTYPES_H 1
| #define HAVE_STDINT_H 1
| #define HAVE_UNISTD_H 1
| #define HAVE_JPEGLIB_H 1
| #define HAVE_FCNTL_H 1
| #define HAVE_NCURSES_TERM_H 1
| #define FEAT_TERMLIB 1
| #define HAVE_MEMSET 1
| #define HAVE_ATEXIT 1
| /* end confdefs.h.  */
| #include <stdio.h>
| #if HAVE_SYS_TYPES_H
| # include <sys/types.h>
| #endif
| #if HAVE_SYS_STAT_H
| # include <sys/stat.h>
| #endif
| #if STDC_HEADERS
| # include <stdlib.h>
| # include <stddef.h>
| #else
| # if HAVE_STDLIB_H
| #  include <stdlib.h>
| # endif
| #endif
| #if HAVE_STRING_H
| # if !STDC_HEADERS && HAVE_MEMORY_H
| #  include <memory.h>
| # endif
| # include <string.h>
| #endif
| #if HAVE_STRINGS_H
| # include <strings.h>
| #endif
| #if HAVE_INTTYPES_H
| # include <inttypes.h>
| #endif
| #if HAVE_STDINT_H
| # include <stdint.h>
| #endif
| #if HAVE_UNISTD_H
| # include <unistd.h>
| #endif
| #include <vfork.h>
configure:5575: result: no
configure:5579: checking vfork.h presence
configure:5594: gcc -E  conftest.c
conftest.c:26:10: fatal error: vfork.h: No such file or directory
   26 | #include <vfork.h>
      |          ^~~~~~~~~
compilation terminated.
configure:5600: $? = 1
configure: failed program was:
| /* confdefs.h.  */
| #define PACKAGE_NAME "jp2a"
| #define PACKAGE_TARNAME "jp2a"
| #define PACKAGE_VERSION "1.0.6"
| #define PACKAGE_STRING "jp2a 1.0.6"
| #define PACKAGE_BUGREPORT "csl@sublevel3.org"
| #define PACKAGE "jp2a"
| #define VERSION "1.0.6"
| #define STDC_HEADERS 1
| #define HAVE_SYS_TYPES_H 1
| #define HAVE_SYS_STAT_H 1
| #define HAVE_STDLIB_H 1
| #define HAVE_STRING_H 1
| #define HAVE_MEMORY_H 1
| #define HAVE_STRINGS_H 1
| #define HAVE_INTTYPES_H 1
| #define HAVE_STDINT_H 1
| #define HAVE_UNISTD_H 1
| #define HAVE_JPEGLIB_H 1
| #define HAVE_FCNTL_H 1
| #define HAVE_NCURSES_TERM_H 1
| #define FEAT_TERMLIB 1
| #define HAVE_MEMSET 1
| #define HAVE_ATEXIT 1
| /* end confdefs.h.  */
| #include <vfork.h>
configure:5621: result: no
configure:5654: checking for vfork.h
configure:5662: result: no
configure:5680: checking for fork
configure:5736: gcc -o conftest.exe -g -O2   conftest.c  -ljpeg  -lncurses >&5
conftest.c:49:6: warning: conflicting types for built-in function 'fork'; expected 'int(void)' [-Wbuiltin-declaration-mismatch]
   49 | char fork ();
      |      ^~~~
C:/msys64/mingw64/bin/../lib/gcc/x86_64-w64-mingw32/14.2.0/../../../../x86_64-w64-mingw32/bin/ld.exe: C:\msys64\tmp\ccQgX8W5.o: in function `main':
C:/jp2a-1.0.6/conftest.c:60:(.text.startup+0xa): undefined reference to `fork'
collect2.exe: error: ld returned 1 exit status
configure:5742: $? = 1
configure: failed program was:
| /* confdefs.h.  */
| #define PACKAGE_NAME "jp2a"
| #define PACKAGE_TARNAME "jp2a"
| #define PACKAGE_VERSION "1.0.6"
| #define PACKAGE_STRING "jp2a 1.0.6"
| #define PACKAGE_BUGREPORT "csl@sublevel3.org"
| #define PACKAGE "jp2a"
| #define VERSION "1.0.6"
| #define STDC_HEADERS 1
| #define HAVE_SYS_TYPES_H 1
| #define HAVE_SYS_STAT_H 1
| #define HAVE_STDLIB_H 1
| #define HAVE_STRING_H 1
| #define HAVE_MEMORY_H 1
| #define HAVE_STRINGS_H 1
| #define HAVE_INTTYPES_H 1
| #define HAVE_STDINT_H 1
| #define HAVE_UNISTD_H 1
| #define HAVE_JPEGLIB_H 1
| #define HAVE_FCNTL_H 1
| #define HAVE_NCURSES_TERM_H 1
| #define FEAT_TERMLIB 1
| #define HAVE_MEMSET 1
| #define HAVE_ATEXIT 1
| /* end confdefs.h.  */
| /* Define fork to an innocuous variant, in case <limits.h> declares fork.
|    For example, HP-UX 11i <limits.h> declares gettimeofday.  */
| #define fork innocuous_fork
| 
| /* System header to define __stub macros and hopefully few prototypes,
|     which can conflict with char fork (); below.
|     Prefer <limits.h> to <assert.h> if __STDC__ is defined, since
|     <limits.h> exists even on freestanding compilers.  */
| 
| #ifdef __STDC__
| # include <limits.h>
| #else
| # include <assert.h>
| #endif
| 
| #undef fork
| 
| /* Override any GCC internal prototype to avoid an error.
|    Use char because int might match the return type of a GCC
|    builtin and then its argument prototype would still apply.  */
| #ifdef __cplusplus
| extern "C"
| #endif
| char fork ();
| /* The GNU C library defines this for functions which it implements
|     to always fail with ENOSYS.  Some functions are actually named
|     something starting with __ and the normal name is an alias.  */
| #if defined __stub_fork || defined __stub___fork
| choke me
| #endif
| 
| int
| main ()
| {
| return fork ();
|   ;
|   return 0;
| }
configure:5776: result: no
configure:5680: checking for vfork
configure:5736: gcc -o conftest.exe -g -O2   conftest.c  -ljpeg  -lncurses >&5
C:/msys64/mingw64/bin/../lib/gcc/x86_64-w64-mingw32/14.2.0/../../../../x86_64-w64-mingw32/bin/ld.exe: C:\msys64\tmp\ccG2MCoc.o: in function `main':
C:/jp2a-1.0.6/conftest.c:60:(.text.startup+0xa): undefined reference to `vfork'
collect2.exe: error: ld returned 1 exit status
configure:5742: $? = 1
configure: failed program was:
| /* confdefs.h.  */
| #define PACKAGE_NAME "jp2a"
| #define PACKAGE_TARNAME "jp2a"
| #define PACKAGE_VERSION "1.0.6"
| #define PACKAGE_STRING "jp2a 1.0.6"
| #define PACKAGE_BUGREPORT "csl@sublevel3.org"
| #define PACKAGE "jp2a"
| #define VERSION "1.0.6"
| #define STDC_HEADERS 1
| #define HAVE_SYS_TYPES_H 1
| #define HAVE_SYS_STAT_H 1
| #define HAVE_STDLIB_H 1
| #define HAVE_STRING_H 1
| #define HAVE_MEMORY_H 1
| #define HAVE_STRINGS_H 1
| #define HAVE_INTTYPES_H 1
| #define HAVE_STDINT_H 1
| #define HAVE_UNISTD_H 1
| #define HAVE_JPEGLIB_H 1
| #define HAVE_FCNTL_H 1
| #define HAVE_NCURSES_TERM_H 1
| #define FEAT_TERMLIB 1
| #define HAVE_MEMSET 1
| #define HAVE_ATEXIT 1
| /* end confdefs.h.  */
| /* Define vfork to an innocuous variant, in case <limits.h> declares vfork.
|    For example, HP-UX 11i <limits.h> declares gettimeofday.  */
| #define vfork innocuous_vfork
| 
| /* System header to define __stub macros and hopefully few prototypes,
|     which can conflict with char vfork (); below.
|     Prefer <limits.h> to <assert.h> if __STDC__ is defined, since
|     <limits.h> exists even on freestanding compilers.  */
| 
| #ifdef __STDC__
| # include <limits.h>
| #else
| # include <assert.h>
| #endif
| 
| #undef vfork
| 
| /* Override any GCC internal prototype to avoid an error.
|    Use char because int might match the return type of a GCC
|    builtin and then its argument prototype would still apply.  */
| #ifdef __cplusplus
| extern "C"
| #endif
| char vfork ();
| /* The GNU C library defines this for functions which it implements
|     to always fail with ENOSYS.  Some functions are actually named
|     something starting with __ and the normal name is an alias.  */
| #if defined __stub_vfork || defined __stub___vfork
| choke me
| #endif
| 
| int
| main ()
| {
| return vfork ();
|   ;
|   return 0;
| }
configure:5776: result: no
configure:6037: checking for pid_t
configure:6105: result: yes
configure:6118: checking for inline
configure:6144: gcc -c -g -O2  conftest.c >&5
configure:6150: $? = 0
configure:6157: test -z "$ac_c_werror_flag" || test ! -s conftest.err
configure:6160: $? = 0
configure:6167: test -s conftest.o
configure:6170: $? = 0
configure:6185: result: inline
configure:6209: checking for stdlib.h
configure:6215: result: yes
configure:6373: checking for GNU libc compatible malloc
configure:6407: gcc -o conftest.exe -g -O2   conftest.c  -ljpeg  -lncurses >&5
configure:6410: $? = 0
configure:6416: ./conftest.exe
configure:6419: $? = 0
configure:6435: result: yes
configure:6569: creating ./config.status

## ---------------------- ##
## Running config.status. ##
## ---------------------- ##

This file was extended by jp2a config.status 1.0.6, which was
generated by GNU Autoconf 2.60.  Invocation command line was

  CONFIG_FILES    = 
  CONFIG_HEADERS  = 
  CONFIG_LINKS    = 
  CONFIG_COMMANDS = 
  $ ./config.status 

on M

config.status:622: creating Makefile
config.status:622: creating src/Makefile
config.status:622: creating config.h
config.status:897: executing depfiles commands

## ---------------- ##
## Cache variables. ##
## ---------------- ##

ac_cv_c_compiler_gnu=yes
ac_cv_c_const=yes
ac_cv_c_inline=inline
ac_cv_env_CC_set=
ac_cv_env_CC_value=
ac_cv_env_CFLAGS_set=
ac_cv_env_CFLAGS_value=
ac_cv_env_CPPFLAGS_set=
ac_cv_env_CPPFLAGS_value=
ac_cv_env_CPP_set=
ac_cv_env_CPP_value=
ac_cv_env_LDFLAGS_set=
ac_cv_env_LDFLAGS_value=
ac_cv_env_build_alias_set=
ac_cv_env_build_alias_value=
ac_cv_env_host_alias_set=
ac_cv_env_host_alias_value=
ac_cv_env_target_alias_set=
ac_cv_env_target_alias_value=
ac_cv_exeext=.exe
ac_cv_func_atexit=yes
ac_cv_func_fork=no
ac_cv_func_fork_works=no
ac_cv_func_malloc_0_nonnull=yes
ac_cv_func_memset=yes
ac_cv_func_vfork=no
ac_cv_func_vfork_works=no
ac_cv_header_curses_h=no
ac_cv_header_fcntl_h=yes
ac_cv_header_inttypes_h=yes
ac_cv_header_jpeglib_h=yes
ac_cv_header_memory_h=yes
ac_cv_header_ncurses_term_h=yes
ac_cv_header_stdc=yes
ac_cv_header_stdint_h=yes
ac_cv_header_stdlib_h=yes
ac_cv_header_string_h=yes
ac_cv_header_strings_h=yes
ac_cv_header_sys_stat_h=yes
ac_cv_header_sys_types_h=yes
ac_cv_header_term_h=no
ac_cv_header_unistd_h=yes
ac_cv_header_vfork_h=no
ac_cv_lib_curl_curl_easy_init=no
ac_cv_lib_jpeg_jpeg_start_decompress=yes
ac_cv_lib_ncurses___tgetent=yes
ac_cv_objext=o
ac_cv_path_EGREP='/usr/bin/grep -E'
ac_cv_path_GREP=/usr/bin/grep
ac_cv_path_install='/usr/bin/install -c'
ac_cv_prog_AWK=gawk
ac_cv_prog_CPP='gcc -E'
ac_cv_prog_ac_ct_CC=gcc
ac_cv_prog_cc_c89=
ac_cv_prog_cc_g=yes
ac_cv_prog_make_make_set=yes
ac_cv_type_pid_t=yes
ac_cv_type_size_t=yes
am_cv_CC_dependencies_compiler_type=gcc3

## ----------------- ##
## Output variables. ##
## ----------------- ##

ACLOCAL='${SHELL} /c/jp2a-1.0.6/missing --run aclocal-1.9'
AMDEPBACKSLASH='\'
AMDEP_FALSE='#'
AMDEP_TRUE=''
AMTAR='${SHELL} /c/jp2a-1.0.6/missing --run tar'
AUTOCONF='${SHELL} /c/jp2a-1.0.6/missing --run autoconf'
AUTOHEADER='${SHELL} /c/jp2a-1.0.6/missing --run autoheader'
AUTOMAKE='${SHELL} /c/jp2a-1.0.6/missing --run automake-1.9'
AWK='gawk'
CC='gcc'
CCDEPMODE='depmode=gcc3'
CFLAGS='-g -O2'
CPP='gcc -E'
CPPFLAGS=''
CYGPATH_W='cygpath -w'
DEFS='-DHAVE_CONFIG_H'
DEPDIR='.deps'
ECHO_C=''
ECHO_N='-n'
ECHO_T=''
EGREP='/usr/bin/grep -E'
EXEEXT='.exe'
GREP='/usr/bin/grep'
INSTALL_DATA='${INSTALL} -m 644'
INSTALL_PROGRAM='${INSTALL}'
INSTALL_SCRIPT='${INSTALL}'
INSTALL_STRIP_PROGRAM='${SHELL} $(install_sh) -c -s'
LDFLAGS=''
LIBOBJS=''
LIBS=' -ljpeg  -lncurses'
LTLIBOBJS=''
MAKEINFO='${SHELL} /c/jp2a-1.0.6/missing --run makeinfo'
OBJEXT='o'
PACKAGE='jp2a'
PACKAGE_BUGREPORT='csl@sublevel3.org'
PACKAGE_NAME='jp2a'
PACKAGE_STRING='jp2a 1.0.6'
PACKAGE_TARNAME='jp2a'
PACKAGE_VERSION='1.0.6'
PATH_SEPARATOR=':'
SET_MAKE=''
SHELL='/bin/sh'
STRIP=''
VERSION='1.0.6'
ac_ct_CC='gcc'
am__fastdepCC_FALSE='#'
am__fastdepCC_TRUE=''
am__include='include'
am__leading_dot='.'
am__quote=''
am__tar='${AMTAR} chof - "$$tardir"'
am__untar='${AMTAR} xf -'
bindir='${exec_prefix}/bin'
build_alias='x86_64-w64-mingw32'
curl_config='no'
datadir='${datarootdir}'
datarootdir='${prefix}/share'
docdir='${datarootdir}/doc/${PACKAGE_TARNAME}'
dvidir='${docdir}'
exec_prefix='${prefix}'
host_alias=''
htmldir='${docdir}'
includedir='${prefix}/include'
infodir='${datarootdir}/info'
install_sh='/c/jp2a-1.0.6/install-sh'
libdir='${exec_prefix}/lib'
libexecdir='${exec_prefix}/libexec'
localedir='${datarootdir}/locale'
localstatedir='${prefix}/var'
mandir='${datarootdir}/man'
mkdir_p='mkdir -p --'
oldincludedir='/usr/include'
pdfdir='${docdir}'
prefix='/c/jp2a-1.0.6'
program_transform_name='s,x,x,'
psdir='${docdir}'
sbindir='${exec_prefix}/sbin'
sharedstatedir='${prefix}/com'
sysconfdir='${prefix}/etc'
target_alias=''

## ----------- ##
## confdefs.h. ##
## ----------- ##

#define PACKAGE_NAME "jp2a"
#define PACKAGE_TARNAME "jp2a"
#define PACKAGE_VERSION "1.0.6"
#define PACKAGE_STRING "jp2a 1.0.6"
#define PACKAGE_BUGREPORT "csl@sublevel3.org"
#define PACKAGE "jp2a"
#define VERSION "1.0.6"
#define STDC_HEADERS 1
#define HAVE_SYS_TYPES_H 1
#define HAVE_SYS_STAT_H 1
#define HAVE_STDLIB_H 1
#define HAVE_STRING_H 1
#define HAVE_MEMORY_H 1
#define HAVE_STRINGS_H 1
#define HAVE_INTTYPES_H 1
#define HAVE_STDINT_H 1
#define HAVE_UNISTD_H 1
#define HAVE_JPEGLIB_H 1
#define HAVE_FCNTL_H 1
#define HAVE_NCURSES_TERM_H 1
#define FEAT_TERMLIB 1
#define HAVE_MEMSET 1
#define HAVE_ATEXIT 1
#define vfork fork
#define HAVE_STDLIB_H 1
#define HAVE_MALLOC 1

configure: exit 0
